  GlobalVariables.cpp
  Injector.cpp
  KeyboardHook.cpp
  PacketInjection.cpp
C:\dev\C++\AutoSwap\src\PacketInjection.cpp(11,5): error C4235: использовано нестандартное расширение: ключевое слово "__asm" данной архитектурой не поддерживается
C:\dev\C++\AutoSwap\src\PacketInjection.cpp(13,9): error C2065: pushad: необъявленный идентификатор
C:\dev\C++\AutoSwap\src\PacketInjection.cpp(14,9): error C2146: синтаксическая ошибка: отсутствие ";" перед идентификатором "mov"
C:\dev\C++\AutoSwap\src\PacketInjection.cpp(14,9): error C2065: mov: необъявленный идентификатор
C:\dev\C++\AutoSwap\src\PacketInjection.cpp(14,13): error C2146: синтаксическая ошибка: отсутствие ";" перед идентификатором "ecx"
C:\dev\C++\AutoSwap\src\PacketInjection.cpp(14,13): error C2065: ecx: необъявленный идентификатор
C:\dev\C++\AutoSwap\src\PacketInjection.cpp(15,9): error C2146: синтаксическая ошибка: отсутствие ";" перед идентификатором "mov"
C:\dev\C++\AutoSwap\src\PacketInjection.cpp(15,9): error C2065: mov: необъявленный идентификатор
C:\dev\C++\AutoSwap\src\PacketInjection.cpp(15,13): error C2146: синтаксическая ошибка: отсутствие ";" перед идентификатором "ecx"
C:\dev\C++\AutoSwap\src\PacketInjection.cpp(15,13): error C2065: ecx: необъявленный идентификатор
C:\dev\C++\AutoSwap\src\PacketInjection.cpp(15,18): error C2065: dword: необъявленный идентификатор
C:\dev\C++\AutoSwap\src\PacketInjection.cpp(15,24): error C2146: синтаксическая ошибка: отсутствие ";" перед идентификатором "ptr"
C:\dev\C++\AutoSwap\src\PacketInjection.cpp(15,24): error C2065: ptr: необъявленный идентификатор
C:\dev\C++\AutoSwap\src\PacketInjection.cpp(15,28): error C2065: ecx: необъявленный идентификатор
C:\dev\C++\AutoSwap\src\PacketInjection.cpp(16,9): error C2146: синтаксическая ошибка: отсутствие ";" перед идентификатором "mov"
C:\dev\C++\AutoSwap\src\PacketInjection.cpp(16,9): error C2065: mov: необъявленный идентификатор
C:\dev\C++\AutoSwap\src\PacketInjection.cpp(16,13): error C2146: синтаксическая ошибка: отсутствие ";" перед идентификатором "ecx"
C:\dev\C++\AutoSwap\src\PacketInjection.cpp(16,13): error C2065: ecx: необъявленный идентификатор
C:\dev\C++\AutoSwap\src\PacketInjection.cpp(16,18): error C2065: dword: необъявленный идентификатор
C:\dev\C++\AutoSwap\src\PacketInjection.cpp(16,24): error C2146: синтаксическая ошибка: отсутствие ";" перед идентификатором "ptr"
C:\dev\C++\AutoSwap\src\PacketInjection.cpp(16,24): error C2065: ptr: необъявленный идентификатор
C:\dev\C++\AutoSwap\src\PacketInjection.cpp(16,28): error C2065: ecx: необъявленный идентификатор
C:\dev\C++\AutoSwap\src\PacketInjection.cpp(17,9): error C2146: синтаксическая ошибка: отсутствие ";" перед идентификатором "push"
C:\dev\C++\AutoSwap\src\PacketInjection.cpp(17,9): error C2065: push: необъявленный идентификатор
C:\dev\C++\AutoSwap\src\PacketInjection.cpp(17,14): error C2146: синтаксическая ошибка: отсутствие ";" перед идентификатором "_lenPacket"
C:\dev\C++\AutoSwap\src\PacketInjection.cpp(18,9): error C2146: синтаксическая ошибка: отсутствие ";" перед идентификатором "push"
C:\dev\C++\AutoSwap\src\PacketInjection.cpp(18,9): error C2065: push: необъявленный идентификатор
C:\dev\C++\AutoSwap\src\PacketInjection.cpp(18,14): error C2146: синтаксическая ошибка: отсутствие ";" перед идентификатором "_bytePacket"
C:\dev\C++\AutoSwap\src\PacketInjection.cpp(19,9): error C2146: синтаксическая ошибка: отсутствие ";" перед идентификатором "call"
C:\dev\C++\AutoSwap\src\PacketInjection.cpp(19,9): error C2065: call: необъявленный идентификатор
C:\dev\C++\AutoSwap\src\PacketInjection.cpp(19,14): error C2146: синтаксическая ошибка: отсутствие ";" перед идентификатором "_packCall"
C:\dev\C++\AutoSwap\src\PacketInjection.cpp(20,9): error C2146: синтаксическая ошибка: отсутствие ";" перед идентификатором "popad"
C:\dev\C++\AutoSwap\src\PacketInjection.cpp(20,9): error C2065: popad: необъявленный идентификатор
C:\dev\C++\AutoSwap\src\PacketInjection.cpp(21,5): error C2143: синтаксическая ошибка: отсутствие ";" перед "}"
C:\dev\C++\AutoSwap\src\PacketInjection.cpp(26,47): warning C4267: =: преобразование из "size_t" в "DWORD"; возможна потеря данных
  ProcessManager.cpp
C:\dev\C++\AutoSwap\src\ProcessManager.cpp(74,67): warning C4312: приведение типов: преобразование из "const DWORD" в "LPCVOID" большего размера
C:\dev\C++\AutoSwap\src\ProcessManager.cpp(75,74): warning C4312: приведение типов: преобразование из "unsigned long" в "LPVOID" большего размера
C:\dev\C++\AutoSwap\src\ProcessManager.cpp(76,76): warning C4312: приведение типов: преобразование из "unsigned long" в "LPVOID" большего размера
C:\dev\C++\AutoSwap\src\ProcessManager.cpp(77,71): warning C4312: приведение типов: преобразование из "unsigned long" в "LPVOID" большего размера
C:\dev\C++\AutoSwap\src\ProcessManager.cpp(78,55): warning C4312: приведение типов: преобразование из "DWORD" в "LPVOID" большего размера
  MainForm.cpp
  SecondaryFunctions.cpp
C:\dev\C++\AutoSwap\src\SecondaryFunctions.cpp(11,9): warning C4267: инициализация: преобразование из "size_t" в "int"; возможна потеря данных
  Swap.cpp
  .NETFramework,Version=v4.7.2.AssemblyAttributes.cpp
  Создание кода...
